# JRE version: Java(TM) SE Runtime Environment (15.0.2+7) (build 15.0.2+7-27)
# Java VM: Java HotSpot(TM) 64-Bit Server VM (15.0.2+7-27, mixed mode, sharing, tiered, compressed oops, g1 gc, windows-amd64)
GC Precious Log:
 CPUs: 4 total, 4 available
 Memory: 8057M
 Large Page Support: Disabled
 NUMA Support: Disabled
 Compressed Oops: Enabled (32-bit)
 Heap Region Size: 1M
 Heap Min Capacity: 8M
 Heap Initial Capacity: 126M
 Heap Max Capacity: 2016M
 Pre-touch: Disabled
 Parallel Workers: 4
 Concurrent Workers: 1
 Concurrent Refinement Workers: 4
 Periodic GC: Disabled
Heap:
 garbage-first heap   total 261120K, used 10797K [0x0000000082000000, 0x0000000100000000)
  region size 1024K, 1 young (1024K), 1 survivors (1024K)
 Metaspace       used 5656K, capacity 6454K, committed 6784K, reserved 1056768K
  class space    used 671K, capacity 780K, committed 896K, reserved 1048576K
GC Heap History (20 events):
Event: 0.668 GC heap after
{Heap after GC invocations=10 (full 0):
 garbage-first heap   total 129024K, used 6148K [0x0000000082000000, 0x0000000100000000)
  region size 1024K, 1 young (1024K), 1 survivors (1024K)
 Metaspace       used 4518K, capacity 6340K, committed 6400K, reserved 1056768K
  class space    used 562K, capacity 742K, committed 768K, reserved 1048576K
}
Event: 0.679 GC heap before
{Heap before GC invocations=10 (full 0):
 garbage-first heap   total 129024K, used 81924K [0x0000000082000000, 0x0000000100000000)
  region size 1024K, 75 young (76800K), 1 survivors (1024K)
 Metaspace       used 4518K, capacity 6340K, committed 6400K, reserved 1056768K
  class space    used 562K, capacity 742K, committed 768K, reserved 1048576K
}
Event: 0.679 GC heap after
{Heap after GC invocations=11 (full 0):
 garbage-first heap   total 129024K, used 6148K [0x0000000082000000, 0x0000000100000000)
  region size 1024K, 1 young (1024K), 1 survivors (1024K)
 Metaspace       used 4518K, capacity 6340K, committed 6400K, reserved 1056768K
  class space    used 562K, capacity 742K, committed 768K, reserved 1048576K
}
Event: 0.690 GC heap before
{Heap before GC invocations=11 (full 0):
 garbage-first heap   total 129024K, used 81924K [0x0000000082000000, 0x0000000100000000)
  region size 1024K, 75 young (76800K), 1 survivors (1024K)
 Metaspace       used 4518K, capacity 6340K, committed 6400K, reserved 1056768K
  class space    used 562K, capacity 742K, committed 768K, reserved 1048576K
}
Event: 0.690 GC heap after
{Heap after GC invocations=12 (full 0):
 garbage-first heap   total 169984K, used 6148K [0x0000000082000000, 0x0000000100000000)
  region size 1024K, 1 young (1024K), 1 survivors (1024K)
 Metaspace       used 4518K, capacity 6340K, committed 6400K, reserved 1056768K
  class space    used 562K, capacity 742K, committed 768K, reserved 1048576K
}
Event: 0.722 GC heap before
{Heap before GC invocations=12 (full 0):
 garbage-first heap   total 169984K, used 106500K [0x0000000082000000, 0x0000000100000000)
  region size 1024K, 99 young (101376K), 1 survivors (1024K)
 Metaspace       used 4518K, capacity 6340K, committed 6400K, reserved 1056768K
  class space    used 562K, capacity 742K, committed 768K, reserved 1048576K
}
Event: 0.722 GC heap after
{Heap after GC invocations=13 (full 0):
 garbage-first heap   total 169984K, used 6148K [0x0000000082000000, 0x0000000100000000)
  region size 1024K, 1 young (1024K), 1 survivors (1024K)
 Metaspace       used 4518K, capacity 6340K, committed 6400K, reserved 1056768K
  class space    used 562K, capacity 742K, committed 768K, reserved 1048576K
}
Event: 0.737 GC heap before
{Heap before GC invocations=13 (full 0):
 garbage-first heap   total 169984K, used 106500K [0x0000000082000000, 0x0000000100000000)
  region size 1024K, 99 young (101376K), 1 survivors (1024K)
 Metaspace       used 4518K, capacity 6340K, committed 6400K, reserved 1056768K
  class space    used 562K, capacity 742K, committed 768K, reserved 1048576K
}
Event: 0.737 GC heap after
{Heap after GC invocations=14 (full 0):
 garbage-first heap   total 169984K, used 6148K [0x0000000082000000, 0x0000000100000000)
  region size 1024K, 1 young (1024K), 1 survivors (1024K)
 Metaspace       used 4518K, capacity 6340K, committed 6400K, reserved 1056768K
  class space    used 562K, capacity 742K, committed 768K, reserved 1048576K
}
Event: 0.889 GC heap before
{Heap before GC invocations=14 (full 0):
 garbage-first heap   total 169984K, used 110596K [0x0000000082000000, 0x0000000100000000)
  region size 1024K, 99 young (101376K), 1 survivors (1024K)
 Metaspace       used 5462K, capacity 6454K, committed 6784K, reserved 1056768K
  class space    used 657K, capacity 780K, committed 896K, reserved 1048576K
}
Event: 0.890 GC heap after
{Heap after GC invocations=15 (full 0):
 garbage-first heap   total 169984K, used 10351K [0x0000000082000000, 0x0000000100000000)
  region size 1024K, 1 young (1024K), 1 survivors (1024K)
 Metaspace       used 5462K, capacity 6454K, committed 6784K, reserved 1056768K
  class space    used 657K, capacity 780K, committed 896K, reserved 1048576K
}
Event: 0.932 GC heap before
{Heap before GC invocations=15 (full 0):
 garbage-first heap   total 169984K, used 110703K [0x0000000082000000, 0x0000000100000000)
  region size 1024K, 99 young (101376K), 1 survivors (1024K)
 Metaspace       used 5463K, capacity 6454K, committed 6784K, reserved 1056768K
  class space    used 657K, capacity 780K, committed 896K, reserved 1048576K
}
Event: 0.933 GC heap after
{Heap after GC invocations=16 (full 0):
 garbage-first heap   total 217088K, used 10350K [0x0000000082000000, 0x0000000100000000)
  region size 1024K, 1 young (1024K), 1 survivors (1024K)
 Metaspace       used 5463K, capacity 6454K, committed 6784K, reserved 1056768K
  class space    used 657K, capacity 780K, committed 896K, reserved 1048576K
}
Event: 1.016 GC heap before
{Heap before GC invocations=16 (full 0):
 garbage-first heap   total 217088K, used 139374K [0x0000000082000000, 0x0000000100000000)
  region size 1024K, 127 young (130048K), 1 survivors (1024K)
 Metaspace       used 5656K, capacity 6454K, committed 6784K, reserved 1056768K
  class space    used 671K, capacity 780K, committed 896K, reserved 1048576K
}
Event: 1.017 GC heap after
{Heap after GC invocations=17 (full 0):
 garbage-first heap   total 217088K, used 10760K [0x0000000082000000, 0x0000000100000000)
  region size 1024K, 1 young (1024K), 1 survivors (1024K)
 Metaspace       used 5656K, capacity 6454K, committed 6784K, reserved 1056768K
  class space    used 671K, capacity 780K, committed 896K, reserved 1048576K
}
Event: 1.045 GC heap before
{Heap before GC invocations=17 (full 0):
 garbage-first heap   total 217088K, used 139784K [0x0000000082000000, 0x0000000100000000)
  region size 1024K, 127 young (130048K), 1 survivors (1024K)
 Metaspace       used 5656K, capacity 6454K, committed 6784K, reserved 1056768K
  class space    used 671K, capacity 780K, committed 896K, reserved 1048576K
}
Event: 1.046 GC heap after
{Heap after GC invocations=18 (full 0):
 garbage-first heap   total 217088K, used 10789K [0x0000000082000000, 0x0000000100000000)
  region size 1024K, 1 young (1024K), 1 survivors (1024K)
 Metaspace       used 5656K, capacity 6454K, committed 6784K, reserved 1056768K
  class space    used 671K, capacity 780K, committed 896K, reserved 1048576K
}
Event: 1.083 GC heap before
{Heap before GC invocations=18 (full 0):
 garbage-first heap   total 217088K, used 139813K [0x0000000082000000, 0x0000000100000000)
  region size 1024K, 127 young (130048K), 1 survivors (1024K)
 Metaspace       used 5656K, capacity 6454K, committed 6784K, reserved 1056768K
  class space    used 671K, capacity 780K, committed 896K, reserved 1048576K
}
Event: 1.083 GC heap after
{Heap after GC invocations=19 (full 0):
 garbage-first heap   total 217088K, used 10790K [0x0000000082000000, 0x0000000100000000)
  region size 1024K, 1 young (1024K), 1 survivors (1024K)
 Metaspace       used 5656K, capacity 6454K, committed 6784K, reserved 1056768K
  class space    used 671K, capacity 780K, committed 896K, reserved 1048576K
}
Event: 1.110 GC heap before
{Heap before GC invocations=19 (full 0):
 garbage-first heap   total 217088K, used 139814K [0x0000000082000000, 0x0000000100000000)
  region size 1024K, 127 young (130048K), 1 survivors (1024K)
 Metaspace       used 5656K, capacity 6454K, committed 6784K, reserved 1056768K
  class space    used 671K, capacity 780K, committed 896K, reserved 1048576K
}

